<?xml version="1.0" encoding="UTF-8"?>
<!-- Generated by org.testng.reporters.JUnitReportReporter -->
<testsuite skipped="0" hostname="DESKTOP-DC5R40U" name="TalentTek.TTechGetAllStudents" tests="1" failures="0" timestamp="2021-11-04T19:52:41 EDT" time="0.078" errors="0">
  <testcase name="allStudentsInfo" time="0.078" classname="TalentTek.TTechGetAllStudents"/>
  <system-out/>
</testsuite> <!-- TalentTek.TTechGetAllStudents -->
