<?xml version="1.0" encoding="UTF-8"?>
<!-- Generated by org.testng.reporters.JUnitReportReporter -->
<testsuite skipped="0" hostname="DESKTOP-DC5R40U" name="TalentTek.TTechPatchGetTest" tests="2" failures="0" timestamp="2021-11-04T19:52:41 EDT" time="0.268" errors="0">
  <testcase name="patchTTechTest" time="0.150" classname="TalentTek.TTechPatchGetTest"/>
  <system-out/>
  <testcase name="studentLoginWithUpdatedPassword" time="0.118" classname="TalentTek.TTechPatchGetTest"/>
  <system-out/>
</testsuite> <!-- TalentTek.TTechPatchGetTest -->
