<?xml version="1.0" encoding="UTF-8"?>
<!-- Generated by org.testng.reporters.JUnitReportReporter -->
<testsuite skipped="0" hostname="DESKTOP-DC5R40U" name="TalentTek.TTechPatchGetTest" tests="1" failures="0" timestamp="2021-03-21T14:38:14 EDT" time="0.146" errors="0">
  <testcase name="patchTTechTest" time="0.146" classname="TalentTek.TTechPatchGetTest"/>
  <system-out/>
</testsuite> <!-- TalentTek.TTechPatchGetTest -->
