<?xml version="1.0" encoding="UTF-8"?>
<!-- Generated by org.testng.reporters.JUnitReportReporter -->
<testsuite skipped="0" hostname="DESKTOP-DC5R40U" name="TalentTek.TTechPutPatchTest" tests="2" failures="0" timestamp="2021-03-21T14:38:14 EDT" time="0.163" errors="0">
  <testcase name="studentLogin" time="0.102" classname="TalentTek.TTechPutPatchTest"/>
  <system-out/>
  <testcase name="studentPutTTech" time="0.061" classname="TalentTek.TTechPutPatchTest"/>
  <system-out/>
</testsuite> <!-- TalentTek.TTechPutPatchTest -->
