<?xml version="1.0" encoding="UTF-8"?>
<!-- Generated by org.testng.reporters.JUnitReportReporter -->
<testsuite skipped="0" hostname="DESKTOP-DC5R40U" name="TalentTek.TTechPutPatchTest" tests="2" failures="0" timestamp="2021-11-04T19:52:41 EDT" time="0.180" errors="0">
  <testcase name="studentPutTTech" time="0.071" classname="TalentTek.TTechPutPatchTest"/>
  <system-out/>
  <testcase name="studentLogin" time="0.109" classname="TalentTek.TTechPutPatchTest"/>
  <system-out/>
</testsuite> <!-- TalentTek.TTechPutPatchTest -->
